<?xml version="1.0" encoding="UTF-8"?>
<!-- Generated by org.testng.reporters.JUnitReportReporter -->
<testsuite hostname="SANKET" failures="0" tests="1" name="com.blz.QA.Automation.List_Box_Handling_Test" time="1.027" errors="0" timestamp="2023-04-14T18:16:03 IST" skipped="0">
  <testcase classname="com.blz.QA.Automation.List_Box_Handling_Test" name="bikes_List_Box" time="1.027"/>
  <system-out/>
</testsuite> <!-- com.blz.QA.Automation.List_Box_Handling_Test -->
