<?xml version="1.0" encoding="UTF-8"?>
<!-- Generated by org.testng.reporters.JUnitReportReporter -->
<testsuite hostname="SANKET" failures="0" tests="1" name="com.blz.QA.Automation.FaceBook_Login" time="10.470" errors="0" timestamp="2023-03-08T18:32:36 IST" skipped="0">
  <testcase classname="com.blz.QA.Automation.FaceBook_Login" name="faceBook_Login_Test" time="10.470"/>
  <system-out/>
</testsuite> <!-- com.blz.QA.Automation.FaceBook_Login -->
