<?xml version="1.0" encoding="UTF-8"?>
<!-- Generated by org.testng.reporters.JUnitReportReporter -->
<testsuite hostname="SANKET" failures="0" tests="1" name="com.blz.QA.Automation.JavaScript_Executor" time="8.361" errors="0" timestamp="2023-04-07T16:18:57 IST" skipped="0">
  <testcase classname="com.blz.QA.Automation.JavaScript_Executor" name="Disable_Field" time="8.361"/>
  <system-out/>
</testsuite> <!-- com.blz.QA.Automation.JavaScript_Executor -->
