<?xml version="1.0" encoding="UTF-8"?>
<!-- Generated by org.testng.reporters.JUnitReportReporter -->
<testsuite hostname="SANKET" failures="0" tests="1" name="com.blz.QA.Automation.WebElement_InterFace_Methods" time="1.934" errors="0" timestamp="2023-04-14T13:47:14 IST" skipped="0">
  <testcase classname="com.blz.QA.Automation.WebElement_InterFace_Methods" name="get_Rect" time="1.934"/>
  <system-out/>
</testsuite> <!-- com.blz.QA.Automation.WebElement_InterFace_Methods -->
