<?xml version="1.0" encoding="UTF-8"?>
<!-- Generated by org.testng.reporters.JUnitReportReporter -->
<testsuite hostname="SANKET" failures="0" tests="1" name="com.blz.QA.Automation.Drop_Down_Handlings" time="20.795" errors="0" timestamp="2023-04-14T19:58:27 IST" skipped="0">
  <testcase classname="com.blz.QA.Automation.Drop_Down_Handlings" name="Select_Alternate_Opton" time="20.795"/>
  <system-out/>
</testsuite> <!-- com.blz.QA.Automation.Drop_Down_Handlings -->
