<?xml version="1.0" encoding="UTF-8"?>
<!-- Generated by org.testng.reporters.JUnitReportReporter -->
<testsuite hostname="SANKET" failures="0" tests="3" name="com.blz.QA.Automation.Fb_Login_FramesWork_Test$FaceBook_Login" time="34.360" errors="0" timestamp="2023-04-17T18:56:10 IST" skipped="0">
  <testcase classname="com.blz.QA.Automation.Fb_Login_FramesWork_Test$FaceBook_Login" name="faceBook_Login" time="9.594"/>
  <system-out/>
  <testcase classname="com.blz.QA.Automation.Fb_Login_FramesWork_Test$FaceBook_Login" name="faceBook_Login" time="9.769"/>
  <system-out/>
  <testcase classname="com.blz.QA.Automation.Fb_Login_FramesWork_Test$FaceBook_Login" name="faceBook_Login" time="14.997"/>
  <system-out/>
</testsuite> <!-- com.blz.QA.Automation.Fb_Login_FramesWork_Test$FaceBook_Login -->
