<?xml version="1.0" encoding="UTF-8"?>
<!-- Generated by org.testng.reporters.JUnitReportReporter -->
<testsuite hostname="SANKET" failures="0" tests="1" name="com.blz.QA.Automation.Action_Class" time="4.447" errors="0" timestamp="2023-04-07T18:17:23 IST" skipped="0">
  <testcase classname="com.blz.QA.Automation.Action_Class" name="keyBoard_Operation" time="4.447"/>
  <system-out/>
</testsuite> <!-- com.blz.QA.Automation.Action_Class -->
