<?xml version="1.0" encoding="UTF-8"?>
<!-- Generated by org.testng.reporters.JUnitReportReporter -->
<testsuite hostname="SANKET" failures="0" tests="1" name="com.blz.QA.Automation.Page_Validation" time="1.871" errors="0" timestamp="2023-03-08T19:01:13 IST" skipped="0">
  <testcase classname="com.blz.QA.Automation.Page_Validation" name="page_Validation_Using_PageSource" time="1.871"/>
  <system-out/>
</testsuite> <!-- com.blz.QA.Automation.Page_Validation -->
