<?xml version="1.0" encoding="UTF-8"?>
<!-- Generated by org.testng.reporters.JUnitReportReporter -->
<testsuite hostname="SANKET" failures="0" tests="1" name="com.blz.QA.Automation.Popup_Handling_Test" time="8.228" errors="0" timestamp="2023-04-14T16:16:29 IST" skipped="0">
  <testcase classname="com.blz.QA.Automation.Popup_Handling_Test" name="child_Browser_Popup" time="8.228"/>
  <system-out/>
</testsuite> <!-- com.blz.QA.Automation.Popup_Handling_Test -->
