<?xml version="1.0" encoding="UTF-8"?>
<!-- Generated by org.testng.reporters.JUnitReportReporter -->
<testsuite hostname="SANKET" failures="0" tests="1" name="com.blz.QA.Automation.FaceBook_SignUp" time="14.062" errors="0" timestamp="2023-04-06T19:55:12 IST" skipped="0">
  <testcase classname="com.blz.QA.Automation.FaceBook_SignUp" name="faceBook_SignUp_Test" time="14.062"/>
  <system-out/>
</testsuite> <!-- com.blz.QA.Automation.FaceBook_SignUp -->
