<?xml version="1.0" encoding="UTF-8"?>
<!-- Generated by org.testng.reporters.JUnitReportReporter -->
<testsuite hostname="SANKET" failures="0" tests="1" name="com.blz.QA.Automation.WebTable_Test" time="0.488" errors="0" timestamp="2023-04-14T17:09:14 IST" skipped="0">
  <testcase classname="com.blz.QA.Automation.WebTable_Test" name="sum_Of_Sudent_Marks" time="0.488"/>
  <system-out/>
</testsuite> <!-- com.blz.QA.Automation.WebTable_Test -->
