<?xml version="1.0" encoding="UTF-8"?>
<!-- Generated by org.testng.reporters.JUnitReportReporter -->
<testsuite hostname="SANKET" failures="0" tests="1" name="com.blz.QA.Automation.Page_Validation_Test" time="1.203" errors="0" timestamp="2023-04-17T18:49:41 IST" skipped="0">
  <testcase classname="com.blz.QA.Automation.Page_Validation_Test" name="page_Validation_Using_Title" time="1.203"/>
  <system-out/>
</testsuite> <!-- com.blz.QA.Automation.Page_Validation_Test -->
