<?xml version="1.0" encoding="UTF-8"?>
<!-- Generated by org.testng.reporters.JUnitReportReporter -->
<testsuite hostname="SANKET" failures="0" tests="1" name="com.blz.QA.Automation.Frames_Handlings" time="14.570" errors="0" timestamp="2023-04-07T16:35:44 IST" skipped="0">
  <testcase classname="com.blz.QA.Automation.Frames_Handlings" name="frame_Handling" time="14.570"/>
  <system-out/>
</testsuite> <!-- com.blz.QA.Automation.Frames_Handlings -->
