<?xml version="1.0" encoding="UTF-8"?>
<!-- Generated by org.testng.reporters.JUnitReportReporter -->
<testsuite hostname="SANKET" failures="0" tests="1" name="com.blz.QA.Automation.Capture_ScreenShot" time="2.866" errors="0" timestamp="2023-03-08T18:14:16 IST" skipped="0">
  <testcase classname="com.blz.QA.Automation.Capture_ScreenShot" name="capture_ScreenShot_Test" time="2.866"/>
  <system-out/>
</testsuite> <!-- com.blz.QA.Automation.Capture_ScreenShot -->
