<?xml version="1.0" encoding="UTF-8"?>
<!-- Generated by org.testng.reporters.JUnitReportReporter -->
<testsuite hostname="SANKET" failures="0" tests="1" name="com.blz.QA.Automation.Popup_Handling" time="7.079" errors="0" timestamp="2023-04-07T18:14:18 IST" skipped="0">
  <testcase classname="com.blz.QA.Automation.Popup_Handling" name="file_Upload_Popup" time="7.079"/>
  <system-out/>
</testsuite> <!-- com.blz.QA.Automation.Popup_Handling -->
